<?xml version="1.0" encoding="UTF-8"?>
<!-- Generated by org.testng.reporters.JUnitXMLReporter -->
<testsuite hostname="vdrd2000016" name="Test" tests="2" failures="1" timestamp="2 Aug 2016 05:04:35 GMT" time="29.364" errors="0">
  <testcase name="loginCheck" time="12.073" classname="com.LoginTest.LoginTest"/>
  <testcase name="ComposeMailTest" time="15.682" classname="com.LoginTest.ComposeTest">
    <failure type="java.lang.AssertionError" message="expected [true] but found [false]">
      <![CDATA[java.lang.AssertionError: expected [true] but found [false]
	at com.LoginTest.ComposeTest.ComposeMailTest(ComposeTest.java:25)
... Removed 29 stack frames]]>
    </failure>
  </testcase> <!-- ComposeMailTest -->
</testsuite> <!-- Test -->
